[2025-11-18T14:16:41.135+0000] {manager.py:470} INFO - Processing files using up to 2 processes at a time 
[2025-11-18T14:16:41.136+0000] {manager.py:471} INFO - Process each file at most once every 30 seconds
[2025-11-18T14:16:41.137+0000] {manager.py:472} INFO - Checking for new files in /opt/airflow/dags every 300 seconds
[2025-11-18T14:16:41.138+0000] {manager.py:737} INFO - Searching for files in /opt/airflow/dags
[2025-11-18T14:16:41.146+0000] {manager.py:740} INFO - There are 0 files in /opt/airflow/dags
[2025-11-18T14:21:41.141+0000] {manager.py:737} INFO - Searching for files in /opt/airflow/dags
[2025-11-18T14:21:41.144+0000] {manager.py:740} INFO - There are 0 files in /opt/airflow/dags
[2025-11-18T14:26:42.115+0000] {manager.py:737} INFO - Searching for files in /opt/airflow/dags
[2025-11-18T14:26:42.119+0000] {manager.py:740} INFO - There are 0 files in /opt/airflow/dags
[2025-11-18T14:31:43.095+0000] {manager.py:737} INFO - Searching for files in /opt/airflow/dags
[2025-11-18T14:31:43.097+0000] {manager.py:740} INFO - There are 0 files in /opt/airflow/dags
[2025-11-18T14:36:44.070+0000] {manager.py:737} INFO - Searching for files in /opt/airflow/dags
[2025-11-18T14:36:44.073+0000] {manager.py:740} INFO - There are 0 files in /opt/airflow/dags
[2025-11-18T14:41:45.042+0000] {manager.py:737} INFO - Searching for files in /opt/airflow/dags
[2025-11-18T14:41:45.045+0000] {manager.py:740} INFO - There are 0 files in /opt/airflow/dags
[2025-11-18T14:46:46.014+0000] {manager.py:737} INFO - Searching for files in /opt/airflow/dags
[2025-11-18T14:46:46.018+0000] {manager.py:740} INFO - There are 0 files in /opt/airflow/dags
[2025-11-18T14:51:46.967+0000] {manager.py:737} INFO - Searching for files in /opt/airflow/dags
[2025-11-18T14:51:46.970+0000] {manager.py:740} INFO - There are 0 files in /opt/airflow/dags
[2025-11-18T14:56:47.931+0000] {manager.py:737} INFO - Searching for files in /opt/airflow/dags
[2025-11-18T14:56:47.934+0000] {manager.py:740} INFO - There are 0 files in /opt/airflow/dags
[2025-11-18T15:01:48.918+0000] {manager.py:737} INFO - Searching for files in /opt/airflow/dags
[2025-11-18T15:01:48.920+0000] {manager.py:740} INFO - There are 0 files in /opt/airflow/dags
[2025-11-18T15:06:49.863+0000] {manager.py:737} INFO - Searching for files in /opt/airflow/dags
[2025-11-18T15:06:49.866+0000] {manager.py:740} INFO - There are 0 files in /opt/airflow/dags
[2025-11-18T15:11:50.830+0000] {manager.py:737} INFO - Searching for files in /opt/airflow/dags
[2025-11-18T15:11:50.838+0000] {manager.py:740} INFO - There are 0 files in /opt/airflow/dags
[2025-11-18T15:16:51.807+0000] {manager.py:737} INFO - Searching for files in /opt/airflow/dags
[2025-11-18T15:16:51.810+0000] {manager.py:740} INFO - There are 0 files in /opt/airflow/dags
[2025-11-18T15:21:52.792+0000] {manager.py:737} INFO - Searching for files in /opt/airflow/dags
[2025-11-18T15:21:52.794+0000] {manager.py:740} INFO - There are 0 files in /opt/airflow/dags
[2025-11-18T15:26:53.771+0000] {manager.py:737} INFO - Searching for files in /opt/airflow/dags
[2025-11-18T15:26:53.775+0000] {manager.py:740} INFO - There are 0 files in /opt/airflow/dags
[2025-11-18T15:31:54.743+0000] {manager.py:737} INFO - Searching for files in /opt/airflow/dags
[2025-11-18T15:31:54.751+0000] {manager.py:740} INFO - There are 0 files in /opt/airflow/dags
[2025-11-18T15:36:54.743+0000] {manager.py:737} INFO - Searching for files in /opt/airflow/dags
[2025-11-18T15:36:54.746+0000] {manager.py:740} INFO - There are 0 files in /opt/airflow/dags
[2025-11-18T15:41:55.712+0000] {manager.py:737} INFO - Searching for files in /opt/airflow/dags
[2025-11-18T15:41:55.715+0000] {manager.py:740} INFO - There are 0 files in /opt/airflow/dags
[2025-11-18T15:46:56.703+0000] {manager.py:737} INFO - Searching for files in /opt/airflow/dags
[2025-11-18T15:46:56.706+0000] {manager.py:740} INFO - There are 0 files in /opt/airflow/dags
[2025-11-18T15:51:57.702+0000] {manager.py:737} INFO - Searching for files in /opt/airflow/dags
[2025-11-18T15:51:57.706+0000] {manager.py:740} INFO - There are 0 files in /opt/airflow/dags
